<?xml version="1.0" encoding="UTF-8"?>
<testng-results total="11" passed="11" failed="0" skipped="0">
  <reporter-output>
  </reporter-output>
  <suite started-at="2020-01-19T02:23:27Z" name="Default suite" finished-at="2020-01-19T02:24:03Z" duration-ms="36691">
    <groups>
      <group name="End2End">
        <method signature="ValidatePractice.validPracMouseHovrReload()[pri:0, instance:WebTestFrame.ValidatePractice@1e8b7643]" name="validPracMouseHovrReload" class="WebTestFrame.ValidatePractice"/>
        <method signature="ValidatePractice.validPracMouseHovrTop()[pri:0, instance:WebTestFrame.ValidatePractice@1e8b7643]" name="validPracMouseHovrTop" class="WebTestFrame.ValidatePractice"/>
        <method signature="ValidatePractice.validPracticeCheckbox()[pri:0, instance:WebTestFrame.ValidatePractice@1e8b7643]" name="validPracticeCheckbox" class="WebTestFrame.ValidatePractice"/>
        <method signature="ValidatePractice.validPracticeDropdown()[pri:0, instance:WebTestFrame.ValidatePractice@1e8b7643]" name="validPracticeDropdown" class="WebTestFrame.ValidatePractice"/>
        <method signature="ValidatePractice.validPracticeElementDisplayed()[pri:0, instance:WebTestFrame.ValidatePractice@1e8b7643]" name="validPracticeElementDisplayed" class="WebTestFrame.ValidatePractice"/>
        <method signature="ValidatePractice.validPracticeRadio()[pri:0, instance:WebTestFrame.ValidatePractice@1e8b7643]" name="validPracticeRadio" class="WebTestFrame.ValidatePractice"/>
        <method signature="ValidatePractice.validPracticeSwitchAlert()[pri:0, instance:WebTestFrame.ValidatePractice@1e8b7643]" name="validPracticeSwitchAlert" class="WebTestFrame.ValidatePractice"/>
        <method signature="ValidatePractice.validPracticeSwitchTab()[pri:0, instance:WebTestFrame.ValidatePractice@1e8b7643]" name="validPracticeSwitchTab" class="WebTestFrame.ValidatePractice"/>
        <method signature="ValidatePractice.validPracticeSwitchWindow()[pri:0, instance:WebTestFrame.ValidatePractice@1e8b7643]" name="validPracticeSwitchWindow" class="WebTestFrame.ValidatePractice"/>
        <method signature="ValidatePractice.validPracticeWebTable()[pri:0, instance:WebTestFrame.ValidatePractice@1e8b7643]" name="validPracticeWebTable" class="WebTestFrame.ValidatePractice"/>
        <method signature="ValidatePractice.validSuggessionTxtBox()[pri:0, instance:WebTestFrame.ValidatePractice@1e8b7643]" name="validSuggessionTxtBox" class="WebTestFrame.ValidatePractice"/>
      </group> <!-- End2End -->
      <group name="Smoke">
        <method signature="ValidatePractice.validPracticeSwitchWindow()[pri:0, instance:WebTestFrame.ValidatePractice@1e8b7643]" name="validPracticeSwitchWindow" class="WebTestFrame.ValidatePractice"/>
      </group> <!-- Smoke -->
    </groups>
    <test started-at="2020-01-19T02:23:27Z" name="Default test" finished-at="2020-01-19T02:24:03Z" duration-ms="36691">
      <class name="WebTestFrame.ValidatePractice">
        <test-method is-config="true" signature="initialize()[pri:0, instance:WebTestFrame.ValidatePractice@1e8b7643]" started-at="2020-01-18T21:23:27Z" name="initialize" finished-at="2020-01-18T21:23:43Z" duration-ms="16772" status="PASS">
          <reporter-output>
          </reporter-output>
        </test-method> <!-- initialize -->
        <test-method is-config="true" signature="validPracticeLink()[pri:0, instance:WebTestFrame.ValidatePractice@1e8b7643]" started-at="2020-01-18T21:23:43Z" name="validPracticeLink" finished-at="2020-01-18T21:23:49Z" duration-ms="6163" status="PASS">
          <reporter-output>
          </reporter-output>
        </test-method> <!-- validPracticeLink -->
        <test-method signature="validPracticeDropdown()[pri:0, instance:WebTestFrame.ValidatePractice@1e8b7643]" started-at="2020-01-18T21:23:49Z" name="validPracticeDropdown" finished-at="2020-01-18T21:23:50Z" duration-ms="484" status="PASS">
          <reporter-output>
          </reporter-output>
        </test-method> <!-- validPracticeDropdown -->
        <test-method signature="validPracticeRadio()[pri:0, instance:WebTestFrame.ValidatePractice@1e8b7643]" started-at="2020-01-18T21:23:50Z" name="validPracticeRadio" finished-at="2020-01-18T21:23:50Z" duration-ms="322" status="PASS">
          <reporter-output>
          </reporter-output>
        </test-method> <!-- validPracticeRadio -->
        <test-method signature="validSuggessionTxtBox()[pri:0, instance:WebTestFrame.ValidatePractice@1e8b7643]" started-at="2020-01-18T21:23:50Z" name="validSuggessionTxtBox" finished-at="2020-01-18T21:23:51Z" duration-ms="487" status="PASS">
          <reporter-output>
          </reporter-output>
        </test-method> <!-- validSuggessionTxtBox -->
        <test-method signature="validPracticeCheckbox()[pri:0, instance:WebTestFrame.ValidatePractice@1e8b7643]" started-at="2020-01-18T21:23:51Z" name="validPracticeCheckbox" finished-at="2020-01-18T21:23:51Z" duration-ms="439" status="PASS">
          <reporter-output>
          </reporter-output>
        </test-method> <!-- validPracticeCheckbox -->
        <test-method signature="validPracticeSwitchWindow()[pri:0, instance:WebTestFrame.ValidatePractice@1e8b7643]" started-at="2020-01-18T21:23:51Z" name="validPracticeSwitchWindow" finished-at="2020-01-18T21:23:56Z" duration-ms="4397" status="PASS">
          <reporter-output>
          </reporter-output>
        </test-method> <!-- validPracticeSwitchWindow -->
        <test-method signature="validPracticeSwitchTab()[pri:0, instance:WebTestFrame.ValidatePractice@1e8b7643]" started-at="2020-01-18T21:23:56Z" name="validPracticeSwitchTab" finished-at="2020-01-18T21:24:00Z" duration-ms="4345" status="PASS">
          <reporter-output>
          </reporter-output>
        </test-method> <!-- validPracticeSwitchTab -->
        <test-method signature="validPracticeSwitchAlert()[pri:0, instance:WebTestFrame.ValidatePractice@1e8b7643]" started-at="2020-01-18T21:24:00Z" name="validPracticeSwitchAlert" finished-at="2020-01-18T21:24:00Z" duration-ms="433" status="PASS">
          <reporter-output>
          </reporter-output>
        </test-method> <!-- validPracticeSwitchAlert -->
        <test-method signature="validPracticeElementDisplayed()[pri:0, instance:WebTestFrame.ValidatePractice@1e8b7643]" started-at="2020-01-18T21:24:00Z" name="validPracticeElementDisplayed" finished-at="2020-01-18T21:24:01Z" duration-ms="369" status="PASS">
          <reporter-output>
          </reporter-output>
        </test-method> <!-- validPracticeElementDisplayed -->
        <test-method signature="validPracticeWebTable()[pri:0, instance:WebTestFrame.ValidatePractice@1e8b7643]" started-at="2020-01-18T21:24:01Z" name="validPracticeWebTable" finished-at="2020-01-18T21:24:01Z" duration-ms="237" status="PASS">
          <reporter-output>
          </reporter-output>
        </test-method> <!-- validPracticeWebTable -->
        <test-method signature="validPracMouseHovrTop()[pri:0, instance:WebTestFrame.ValidatePractice@1e8b7643]" started-at="2020-01-18T21:24:01Z" name="validPracMouseHovrTop" finished-at="2020-01-18T21:24:01Z" duration-ms="389" status="PASS">
          <reporter-output>
          </reporter-output>
        </test-method> <!-- validPracMouseHovrTop -->
        <test-method signature="validPracMouseHovrReload()[pri:0, instance:WebTestFrame.ValidatePractice@1e8b7643]" started-at="2020-01-18T21:24:01Z" name="validPracMouseHovrReload" finished-at="2020-01-18T21:24:02Z" duration-ms="1109" status="PASS">
          <reporter-output>
          </reporter-output>
        </test-method> <!-- validPracMouseHovrReload -->
        <test-method is-config="true" signature="teardown()[pri:0, instance:WebTestFrame.ValidatePractice@1e8b7643]" started-at="2020-01-18T21:24:02Z" name="teardown" finished-at="2020-01-18T21:24:03Z" duration-ms="695" status="PASS">
          <reporter-output>
          </reporter-output>
        </test-method> <!-- teardown -->
      </class> <!-- WebTestFrame.ValidatePractice -->
    </test> <!-- Default test -->
  </suite> <!-- Default suite -->
</testng-results>
